Arguments: 
  /opt/homebrew/Cellar/node/18.9.1/bin/node /opt/homebrew/bin/yarn add tailwind-stimulus-components

PATH: 
  /Users/sammcclenaghan/.rbenv/shims:/opt/homebrew/opt/ruby@2.7/bin:/opt/homebrew/bin:/opt/homebrew/sbin:/usr/local/bin:/usr/bin:/bin:/usr/sbin:/sbin:/Users/sammcclenaghan/bin:/var/lib/gems/1.8/bin

Yarn version: 
  1.22.19

Node version: 
  18.9.1

Platform: 
  darwin arm64

Trace: 
  Error: https://registry.yarnpkg.com/tailwind-stimulus-components: Not found
      at params.callback [as _callback] (/opt/homebrew/lib/node_modules/yarn/lib/cli.js:66145:18)
      at self.callback (/opt/homebrew/lib/node_modules/yarn/lib/cli.js:140890:22)
      at Request.emit (node:events:513:28)
      at Request.<anonymous> (/opt/homebrew/lib/node_modules/yarn/lib/cli.js:141862:10)
      at Request.emit (node:events:513:28)
      at IncomingMessage.<anonymous> (/opt/homebrew/lib/node_modules/yarn/lib/cli.js:141784:12)
      at Object.onceWrapper (node:events:627:28)
      at IncomingMessage.emit (node:events:525:35)
      at endReadableNT (node:internal/streams/readable:1359:12)
      at process.processTicksAndRejections (node:internal/process/task_queues:82:21)

npm manifest: 
  No manifest

yarn manifest: 
  No manifest

Lockfile: 
  No lockfile
